1595420934984	mozrunner::runner	INFO	Running command: "/usr/bin/firefox" "-marionette" "-foreground" "-no-remote" "-profile" "/tmp/rust_mozprofileiUtRHc"
1595420938703	Marionette	INFO	Listening on port 45963
1595420938800	Marionette	WARN	TLS certificate errors will be ignored for this session
JavaScript error: resource://gre/modules/URIFixup.jsm, line 281: NS_ERROR_FAILURE: Should pass a non-null uri
1595420950597	Marionette	INFO	Stopped listening on port 45963
1595487792580	mozrunner::runner	INFO	Running command: "/usr/bin/firefox" "-marionette" "-foreground" "-no-remote" "-profile" "/tmp/rust_mozprofile3X1dm8"
1595487797535	Marionette	INFO	Listening on port 39603
1595487797649	Marionette	WARN	TLS certificate errors will be ignored for this session
1595487823315	Marionette	INFO	Stopped listening on port 39603
1595487883581	mozrunner::runner	INFO	Running command: "/usr/bin/firefox" "-marionette" "-foreground" "-no-remote" "-profile" "/tmp/rust_mozprofileH2T2Lm"
1595487887313	Marionette	INFO	Listening on port 32847
1595487887408	Marionette	WARN	TLS certificate errors will be ignored for this session
JavaScript error: resource://gre/modules/URIFixup.jsm, line 281: NS_ERROR_FAILURE: Should pass a non-null uri
1595488111313	Marionette	INFO	Stopped listening on port 32847
1595598643691	mozrunner::runner	INFO	Running command: "/usr/bin/firefox" "-marionette" "-foreground" "-no-remote" "-profile" "/tmp/rust_mozprofileHEeWW6"
1595598648550	Marionette	INFO	Listening on port 43215
1595598648614	Marionette	WARN	TLS certificate errors will be ignored for this session
JavaScript error: resource://gre/modules/URIFixup.jsm, line 281: NS_ERROR_FAILURE: Should pass a non-null uri
1595600621663	Marionette	INFO	Stopped listening on port 43215
1595836043738	mozrunner::runner	INFO	Running command: "/usr/bin/firefox" "-marionette" "-foreground" "-no-remote" "-profile" "/tmp/rust_mozprofiledudPTM"
1595836047669	Marionette	INFO	Listening on port 45341
1595836047761	Marionette	WARN	TLS certificate errors will be ignored for this session
JavaScript error: resource://gre/modules/URIFixup.jsm, line 281: NS_ERROR_FAILURE: Should pass a non-null uri
1595836262569	Marionette	INFO	Stopped listening on port 45341
1595836737213	mozrunner::runner	INFO	Running command: "/usr/bin/firefox" "-marionette" "-foreground" "-no-remote" "-profile" "/tmp/rust_mozprofileRfkUqo"
1595836741027	Marionette	INFO	Listening on port 45635
1595836741043	Marionette	WARN	TLS certificate errors will be ignored for this session
JavaScript error: resource://gre/modules/URIFixup.jsm, line 281: NS_ERROR_FAILURE: Should pass a non-null uri
1595839132384	Marionette	INFO	Stopped listening on port 45635

###!!! [Child][RunMessage] Error: Channel closing: too late to send/recv, messages will be lost

